# JRE version: Java(TM) SE Runtime Environment (8.0_111-b14) (build 1.8.0_111-b14)
# Java VM: Java HotSpot(TM) Client VM (25.111-b14 mixed mode windows-x86 )
Heap:
 def new generation   total 39424K, used 1183K [0x05a00000, 0x084c0000, 0x104a0000)
  eden space 35072K,   3% used [0x05a00000, 0x05b27fe8, 0x07c40000)
  from space 4352K,   0% used [0x08080000, 0x08080000, 0x084c0000)
  to   space 4352K,   0% used [0x07c40000, 0x07c40000, 0x08080000)
 tenured generation   total 87424K, used 28203K [0x104a0000, 0x15a00000, 0x25a00000)
   the space 87424K,  32% used [0x104a0000, 0x1202ad98, 0x1202ae00, 0x15a00000)
 Metaspace       used 20197K, capacity 20726K, committed 20864K, reserved 20864K
GC Heap History (10 events):
Event: 11.571 GC heap before
{Heap before GC invocations=2 (full 0):
 def new generation   total 39296K, used 16008K [0x05a00000, 0x084a0000, 0x104a0000)
  eden space 34944K,  33% used [0x05a00000, 0x065623f0, 0x07c20000)
  from space 4352K, 100% used [0x07c20000, 0x08060000, 0x08060000)
  to   space 4352K,   0% used [0x08060000, 0x08060000, 0x084a0000)
 tenured generation   total 87424K, used 10097K [0x104a0000, 0x15a00000, 0x25a00000)
   the space 87424K,  11% used [0x104a0000, 0x10e7c588, 0x10e7c600, 0x15a00000)
 Metaspace       used 11912K, capacity 12262K, committed 12288K, reserved 12672K
Event: 11.603 GC heap after
Heap after GC invocations=3 (full 1):
 def new generation   total 39424K, used 0K [0x05a00000, 0x084c0000, 0x104a0000)
  eden space 35072K,   0% used [0x05a00000, 0x05a00000, 0x07c40000)
  from space 4352K,   0% used [0x07c40000, 0x07c40000, 0x08080000)
  to   space 4352K,   0% used [0x08080000, 0x08080000, 0x084c0000)
 tenured generation   total 87424K, used 15291K [0x104a0000, 0x15a00000, 0x25a00000)
   the space 87424K,  17% used [0x104a0000, 0x1138eeb8, 0x1138f000, 0x15a00000)
 Metaspace       used 11912K, capacity 12262K, committed 12288K, reserved 12672K
}
Event: 15.686 GC heap before
{Heap before GC invocations=3 (full 1):
 def new generation   total 39424K, used 35072K [0x05a00000, 0x084c0000, 0x104a0000)
  eden space 35072K, 100% used [0x05a00000, 0x07c40000, 0x07c40000)
  from space 4352K,   0% used [0x07c40000, 0x07c40000, 0x08080000)
  to   space 4352K,   0% used [0x08080000, 0x08080000, 0x084c0000)
 tenured generation   total 87424K, used 15291K [0x104a0000, 0x15a00000, 0x25a00000)
   the space 87424K,  17% used [0x104a0000, 0x1138eeb8, 0x1138f000, 0x15a00000)
 Metaspace       used 15517K, capacity 15931K, committed 16000K, reserved 16768K
Event: 15.696 GC heap after
Heap after GC invocations=4 (full 1):
 def new generation   total 39424K, used 4352K [0x05a00000, 0x084c0000, 0x104a0000)
  eden space 35072K,   0% used [0x05a00000, 0x05a00000, 0x07c40000)
  from space 4352K, 100% used [0x08080000, 0x084c0000, 0x084c0000)
  to   space 4352K,   0% used [0x07c40000, 0x07c40000, 0x08080000)
 tenured generation   total 87424K, used 16084K [0x104a0000, 0x15a00000, 0x25a00000)
   the space 87424K,  18% used [0x104a0000, 0x114552b8, 0x11455400, 0x15a00000)
 Metaspace       used 15517K, capacity 15931K, committed 16000K, reserved 16768K
}
Event: 52.531 GC heap before
{Heap before GC invocations=4 (full 1):
 def new generation   total 39424K, used 39424K [0x05a00000, 0x084c0000, 0x104a0000)
  eden space 35072K, 100% used [0x05a00000, 0x07c40000, 0x07c40000)
  from space 4352K, 100% used [0x08080000, 0x084c0000, 0x084c0000)
  to   space 4352K,   0% used [0x07c40000, 0x07c40000, 0x08080000)
 tenured generation   total 87424K, used 16084K [0x104a0000, 0x15a00000, 0x25a00000)
   the space 87424K,  18% used [0x104a0000, 0x114552b8, 0x11455400, 0x15a00000)
 Metaspace       used 18141K, capacity 18621K, committed 18688K, reserved 18816K
Event: 52.555 GC heap after
Heap after GC invocations=5 (full 1):
 def new generation   total 39424K, used 4352K [0x05a00000, 0x084c0000, 0x104a0000)
  eden space 35072K,   0% used [0x05a00000, 0x05a00000, 0x07c40000)
  from space 4352K, 100% used [0x07c40000, 0x08080000, 0x08080000)
  to   space 4352K,   0% used [0x08080000, 0x08080000, 0x084c0000)
 tenured generation   total 87424K, used 24314K [0x104a0000, 0x15a00000, 0x25a00000)
   the space 87424K,  27% used [0x104a0000, 0x11c5e8b0, 0x11c5ea00, 0x15a00000)
 Metaspace       used 18141K, capacity 18621K, committed 18688K, reserved 18816K
}
Event: 97.615 GC heap before
{Heap before GC invocations=5 (full 1):
 def new generation   total 39424K, used 39424K [0x05a00000, 0x084c0000, 0x104a0000)
  eden space 35072K, 100% used [0x05a00000, 0x07c40000, 0x07c40000)
  from space 4352K, 100% used [0x07c40000, 0x08080000, 0x08080000)
  to   space 4352K,   0% used [0x08080000, 0x08080000, 0x084c0000)
 tenured generation   total 87424K, used 24314K [0x104a0000, 0x15a00000, 0x25a00000)
   the space 87424K,  27% used [0x104a0000, 0x11c5e8b0, 0x11c5ea00, 0x15a00000)
 Metaspace       used 19488K, capacity 20014K, committed 20096K, reserved 20864K
Event: 97.648 GC heap after
Heap after GC invocations=6 (full 1):
 def new generation   total 39424K, used 3281K [0x05a00000, 0x084c0000, 0x104a0000)
  eden space 35072K,   0% used [0x05a00000, 0x05a00000, 0x07c40000)
  from space 4352K,  75% used [0x08080000, 0x083b44a8, 0x084c0000)
  to   space 4352K,   0% used [0x07c40000, 0x07c40000, 0x08080000)
 tenured generation   total 87424K, used 27820K [0x104a0000, 0x15a00000, 0x25a00000)
   the space 87424K,  31% used [0x104a0000, 0x11fcb140, 0x11fcb200, 0x15a00000)
 Metaspace       used 19488K, capacity 20014K, committed 20096K, reserved 20864K
}
Event: 136.177 GC heap before
{Heap before GC invocations=6 (full 1):
 def new generation   total 39424K, used 14391K [0x05a00000, 0x084c0000, 0x104a0000)
  eden space 35072K,  31% used [0x05a00000, 0x064d9928, 0x07c40000)
  from space 4352K,  75% used [0x08080000, 0x083b44a8, 0x084c0000)
  to   space 4352K,   0% used [0x07c40000, 0x07c40000, 0x08080000)
 tenured generation   total 87424K, used 27820K [0x104a0000, 0x15a00000, 0x25a00000)
   the space 87424K,  31% used [0x104a0000, 0x11fcb140, 0x11fcb200, 0x15a00000)
 Metaspace       used 19926K, capacity 20433K, committed 20480K, reserved 20864K
Event: 136.229 GC heap after
Heap after GC invocations=7 (full 2):
 def new generation   total 39424K, used 0K [0x05a00000, 0x084c0000, 0x104a0000)
  eden space 35072K,   0% used [0x05a00000, 0x05a00000, 0x07c40000)
  from space 4352K,   0% used [0x08080000, 0x08080000, 0x084c0000)
  to   space 4352K,   0% used [0x07c40000, 0x07c40000, 0x08080000)
 tenured generation   total 87424K, used 28203K [0x104a0000, 0x15a00000, 0x25a00000)
   the space 87424K,  32% used [0x104a0000, 0x1202ad98, 0x1202ae00, 0x15a00000)
 Metaspace       used 19926K, capacity 20433K, committed 20480K, reserved 20864K
}

