# JRE version: Java(TM) SE Runtime Environment (8.0_111-b14) (build 1.8.0_111-b14)
# Java VM: Java HotSpot(TM) Client VM (25.111-b14 mixed mode windows-x86 )
Heap:
 def new generation   total 39424K, used 1457K [0x04c00000, 0x076c0000, 0x0f6a0000)
  eden space 35072K,   4% used [0x04c00000, 0x04d6c5a8, 0x06e40000)
  from space 4352K,   0% used [0x06e40000, 0x06e40000, 0x07280000)
  to   space 4352K,   0% used [0x07280000, 0x07280000, 0x076c0000)
 tenured generation   total 87424K, used 26657K [0x0f6a0000, 0x14c00000, 0x24c00000)
   the space 87424K,  30% used [0x0f6a0000, 0x110a86b0, 0x110a8800, 0x14c00000)
 Metaspace       used 20227K, capacity 20705K, committed 20992K, reserved 21888K
GC Heap History (10 events):
Event: 77.311 GC heap before
{Heap before GC invocations=5 (full 1):
 def new generation   total 39424K, used 39424K [0x04c00000, 0x076c0000, 0x0f6a0000)
  eden space 35072K, 100% used [0x04c00000, 0x06e40000, 0x06e40000)
  from space 4352K, 100% used [0x06e40000, 0x07280000, 0x07280000)
  to   space 4352K,   0% used [0x07280000, 0x07280000, 0x076c0000)
 tenured generation   total 87424K, used 24598K [0x0f6a0000, 0x14c00000, 0x24c00000)
   the space 87424K,  28% used [0x0f6a0000, 0x10ea5830, 0x10ea5a00, 0x14c00000)
 Metaspace       used 19592K, capacity 20090K, committed 20096K, reserved 20864K
Event: 77.341 GC heap after
Heap after GC invocations=6 (full 1):
 def new generation   total 39424K, used 4074K [0x04c00000, 0x076c0000, 0x0f6a0000)
  eden space 35072K,   0% used [0x04c00000, 0x04c00000, 0x06e40000)
  from space 4352K,  93% used [0x07280000, 0x0767ab18, 0x076c0000)
  to   space 4352K,   0% used [0x06e40000, 0x06e40000, 0x07280000)
 tenured generation   total 87424K, used 27985K [0x0f6a0000, 0x14c00000, 0x24c00000)
   the space 87424K,  32% used [0x0f6a0000, 0x111f47f8, 0x111f4800, 0x14c00000)
 Metaspace       used 19592K, capacity 20090K, committed 20096K, reserved 20864K
}
Event: 422.071 GC heap before
{Heap before GC invocations=6 (full 1):
 def new generation   total 39424K, used 39146K [0x04c00000, 0x076c0000, 0x0f6a0000)
  eden space 35072K, 100% used [0x04c00000, 0x06e40000, 0x06e40000)
  from space 4352K,  93% used [0x07280000, 0x0767ab18, 0x076c0000)
  to   space 4352K,   0% used [0x06e40000, 0x06e40000, 0x07280000)
 tenured generation   total 87424K, used 27985K [0x0f6a0000, 0x14c00000, 0x24c00000)
   the space 87424K,  32% used [0x0f6a0000, 0x111f47f8, 0x111f4800, 0x14c00000)
 Metaspace       used 19749K, capacity 20235K, committed 20352K, reserved 20864K
Event: 422.082 GC heap after
Heap after GC invocations=7 (full 1):
 def new generation   total 39424K, used 1483K [0x04c00000, 0x076c0000, 0x0f6a0000)
  eden space 35072K,   0% used [0x04c00000, 0x04c00000, 0x06e40000)
  from space 4352K,  34% used [0x06e40000, 0x06fb2e60, 0x07280000)
  to   space 4352K,   0% used [0x07280000, 0x07280000, 0x076c0000)
 tenured generation   total 87424K, used 30417K [0x0f6a0000, 0x14c00000, 0x24c00000)
   the space 87424K,  34% used [0x0f6a0000, 0x114547e0, 0x11454800, 0x14c00000)
 Metaspace       used 19749K, capacity 20235K, committed 20352K, reserved 20864K
}
Event: 495.114 GC heap before
{Heap before GC invocations=7 (full 1):
 def new generation   total 39424K, used 36555K [0x04c00000, 0x076c0000, 0x0f6a0000)
  eden space 35072K, 100% used [0x04c00000, 0x06e40000, 0x06e40000)
  from space 4352K,  34% used [0x06e40000, 0x06fb2e60, 0x07280000)
  to   space 4352K,   0% used [0x07280000, 0x07280000, 0x076c0000)
 tenured generation   total 87424K, used 30417K [0x0f6a0000, 0x14c00000, 0x24c00000)
   the space 87424K,  34% used [0x0f6a0000, 0x114547e0, 0x11454800, 0x14c00000)
 Metaspace       used 19791K, capacity 20302K, committed 20352K, reserved 20864K
Event: 495.120 GC heap after
Heap after GC invocations=8 (full 1):
 def new generation   total 39424K, used 2422K [0x04c00000, 0x076c0000, 0x0f6a0000)
  eden space 35072K,   0% used [0x04c00000, 0x04c00000, 0x06e40000)
  from space 4352K,  55% used [0x07280000, 0x074dda38, 0x076c0000)
  to   space 4352K,   0% used [0x06e40000, 0x06e40000, 0x07280000)
 tenured generation   total 87424K, used 30417K [0x0f6a0000, 0x14c00000, 0x24c00000)
   the space 87424K,  34% used [0x0f6a0000, 0x114547e0, 0x11454800, 0x14c00000)
 Metaspace       used 19791K, capacity 20302K, committed 20352K, reserved 20864K
}
Event: 4291.068 GC heap before
{Heap before GC invocations=8 (full 1):
 def new generation   total 39424K, used 37494K [0x04c00000, 0x076c0000, 0x0f6a0000)
  eden space 35072K, 100% used [0x04c00000, 0x06e40000, 0x06e40000)
  from space 4352K,  55% used [0x07280000, 0x074dda38, 0x076c0000)
  to   space 4352K,   0% used [0x06e40000, 0x06e40000, 0x07280000)
 tenured generation   total 87424K, used 30417K [0x0f6a0000, 0x14c00000, 0x24c00000)
   the space 87424K,  34% used [0x0f6a0000, 0x114547e0, 0x11454800, 0x14c00000)
 Metaspace       used 19792K, capacity 20304K, committed 20352K, reserved 20864K
Event: 4291.125 GC heap after
Heap after GC invocations=9 (full 1):
 def new generation   total 39424K, used 1366K [0x04c00000, 0x076c0000, 0x0f6a0000)
  eden space 35072K,   0% used [0x04c00000, 0x04c00000, 0x06e40000)
  from space 4352K,  31% used [0x06e40000, 0x06f958e8, 0x07280000)
  to   space 4352K,   0% used [0x07280000, 0x07280000, 0x076c0000)
 tenured generation   total 87424K, used 30793K [0x0f6a0000, 0x14c00000, 0x24c00000)
   the space 87424K,  35% used [0x0f6a0000, 0x114b26f8, 0x114b2800, 0x14c00000)
 Metaspace       used 19792K, capacity 20304K, committed 20352K, reserved 20864K
}
Event: 4300.684 GC heap before
{Heap before GC invocations=9 (full 1):
 def new generation   total 39424K, used 4818K [0x04c00000, 0x076c0000, 0x0f6a0000)
  eden space 35072K,   9% used [0x04c00000, 0x04f5f0b0, 0x06e40000)
  from space 4352K,  31% used [0x06e40000, 0x06f958e8, 0x07280000)
  to   space 4352K,   0% used [0x07280000, 0x07280000, 0x076c0000)
 tenured generation   total 87424K, used 30793K [0x0f6a0000, 0x14c00000, 0x24c00000)
   the space 87424K,  35% used [0x0f6a0000, 0x114b26f8, 0x114b2800, 0x14c00000)
 Metaspace       used 19978K, capacity 20464K, committed 20480K, reserved 20864K
Event: 4300.797 GC heap after
Heap after GC invocations=10 (full 2):
 def new generation   total 39424K, used 0K [0x04c00000, 0x076c0000, 0x0f6a0000)
  eden space 35072K,   0% used [0x04c00000, 0x04c00000, 0x06e40000)
  from space 4352K,   0% used [0x06e40000, 0x06e40000, 0x07280000)
  to   space 4352K,   0% used [0x07280000, 0x07280000, 0x076c0000)
 tenured generation   total 87424K, used 26657K [0x0f6a0000, 0x14c00000, 0x24c00000)
   the space 87424K,  30% used [0x0f6a0000, 0x110a86b0, 0x110a8800, 0x14c00000)
 Metaspace       used 19829K, capacity 20272K, committed 20480K, reserved 20864K
}

