# JRE version: Java(TM) SE Runtime Environment (8.0_111-b14) (build 1.8.0_111-b14)
# Java VM: Java HotSpot(TM) Client VM (25.111-b14 mixed mode windows-x86 )
Heap:
 def new generation   total 39424K, used 5323K [0x04800000, 0x072c0000, 0x0f2a0000)
  eden space 35072K,  10% used [0x04800000, 0x04bb9f40, 0x06a40000)
  from space 4352K,  34% used [0x06e80000, 0x06ff8f08, 0x072c0000)
  to   space 4352K,   0% used [0x06a40000, 0x06a40000, 0x06e80000)
 tenured generation   total 87424K, used 47969K [0x0f2a0000, 0x14800000, 0x24800000)
   the space 87424K,  54% used [0x0f2a0000, 0x121786c8, 0x12178800, 0x14800000)
 Metaspace       used 20637K, capacity 21713K, committed 21760K, reserved 21888K
GC Heap History (10 events):
Event: 131.950 GC heap before
{Heap before GC invocations=100 (full 2):
 def new generation   total 39424K, used 35966K [0x04800000, 0x072c0000, 0x0f2a0000)
  eden space 35072K, 100% used [0x04800000, 0x06a40000, 0x06a40000)
  from space 4352K,  20% used [0x06a40000, 0x06b1fb28, 0x06e80000)
  to   space 4352K,   0% used [0x06e80000, 0x06e80000, 0x072c0000)
 tenured generation   total 87424K, used 46043K [0x0f2a0000, 0x14800000, 0x24800000)
   the space 87424K,  52% used [0x0f2a0000, 0x11f96e08, 0x11f97000, 0x14800000)
 Metaspace       used 20115K, capacity 21193K, committed 21248K, reserved 21888K
Event: 131.953 GC heap after
Heap after GC invocations=101 (full 2):
 def new generation   total 39424K, used 982K [0x04800000, 0x072c0000, 0x0f2a0000)
  eden space 35072K,   0% used [0x04800000, 0x04800000, 0x06a40000)
  from space 4352K,  22% used [0x06e80000, 0x06f75b60, 0x072c0000)
  to   space 4352K,   0% used [0x06a40000, 0x06a40000, 0x06e80000)
 tenured generation   total 87424K, used 46043K [0x0f2a0000, 0x14800000, 0x24800000)
   the space 87424K,  52% used [0x0f2a0000, 0x11f96e08, 0x11f97000, 0x14800000)
 Metaspace       used 20115K, capacity 21193K, committed 21248K, reserved 21888K
}
Event: 145.122 GC heap before
{Heap before GC invocations=101 (full 2):
 def new generation   total 39424K, used 36054K [0x04800000, 0x072c0000, 0x0f2a0000)
  eden space 35072K, 100% used [0x04800000, 0x06a40000, 0x06a40000)
  from space 4352K,  22% used [0x06e80000, 0x06f75b60, 0x072c0000)
  to   space 4352K,   0% used [0x06a40000, 0x06a40000, 0x06e80000)
 tenured generation   total 87424K, used 46043K [0x0f2a0000, 0x14800000, 0x24800000)
   the space 87424K,  52% used [0x0f2a0000, 0x11f96e08, 0x11f97000, 0x14800000)
 Metaspace       used 20115K, capacity 21193K, committed 21248K, reserved 21888K
Event: 145.125 GC heap after
Heap after GC invocations=102 (full 2):
 def new generation   total 39424K, used 835K [0x04800000, 0x072c0000, 0x0f2a0000)
  eden space 35072K,   0% used [0x04800000, 0x04800000, 0x06a40000)
  from space 4352K,  19% used [0x06a40000, 0x06b10e40, 0x06e80000)
  to   space 4352K,   0% used [0x06e80000, 0x06e80000, 0x072c0000)
 tenured generation   total 87424K, used 46043K [0x0f2a0000, 0x14800000, 0x24800000)
   the space 87424K,  52% used [0x0f2a0000, 0x11f96e08, 0x11f97000, 0x14800000)
 Metaspace       used 20115K, capacity 21193K, committed 21248K, reserved 21888K
}
Event: 145.747 GC heap before
{Heap before GC invocations=102 (full 2):
 def new generation   total 39424K, used 35907K [0x04800000, 0x072c0000, 0x0f2a0000)
  eden space 35072K, 100% used [0x04800000, 0x06a40000, 0x06a40000)
  from space 4352K,  19% used [0x06a40000, 0x06b10e40, 0x06e80000)
  to   space 4352K,   0% used [0x06e80000, 0x06e80000, 0x072c0000)
 tenured generation   total 87424K, used 46043K [0x0f2a0000, 0x14800000, 0x24800000)
   the space 87424K,  52% used [0x0f2a0000, 0x11f96e08, 0x11f97000, 0x14800000)
 Metaspace       used 20115K, capacity 21193K, committed 21248K, reserved 21888K
Event: 145.750 GC heap after
Heap after GC invocations=103 (full 2):
 def new generation   total 39424K, used 1011K [0x04800000, 0x072c0000, 0x0f2a0000)
  eden space 35072K,   0% used [0x04800000, 0x04800000, 0x06a40000)
  from space 4352K,  23% used [0x06e80000, 0x06f7cc48, 0x072c0000)
  to   space 4352K,   0% used [0x06a40000, 0x06a40000, 0x06e80000)
 tenured generation   total 87424K, used 46043K [0x0f2a0000, 0x14800000, 0x24800000)
   the space 87424K,  52% used [0x0f2a0000, 0x11f96e08, 0x11f97000, 0x14800000)
 Metaspace       used 20115K, capacity 21193K, committed 21248K, reserved 21888K
}
Event: 193.356 GC heap before
{Heap before GC invocations=103 (full 2):
 def new generation   total 39424K, used 36083K [0x04800000, 0x072c0000, 0x0f2a0000)
  eden space 35072K, 100% used [0x04800000, 0x06a40000, 0x06a40000)
  from space 4352K,  23% used [0x06e80000, 0x06f7cc48, 0x072c0000)
  to   space 4352K,   0% used [0x06a40000, 0x06a40000, 0x06e80000)
 tenured generation   total 87424K, used 46043K [0x0f2a0000, 0x14800000, 0x24800000)
   the space 87424K,  52% used [0x0f2a0000, 0x11f96e08, 0x11f97000, 0x14800000)
 Metaspace       used 20224K, capacity 21324K, committed 21376K, reserved 21888K
Event: 193.374 GC heap after
Heap after GC invocations=104 (full 2):
 def new generation   total 39424K, used 2932K [0x04800000, 0x072c0000, 0x0f2a0000)
  eden space 35072K,   0% used [0x04800000, 0x04800000, 0x06a40000)
  from space 4352K,  67% used [0x06a40000, 0x06d1d008, 0x06e80000)
  to   space 4352K,   0% used [0x06e80000, 0x06e80000, 0x072c0000)
 tenured generation   total 87424K, used 46700K [0x0f2a0000, 0x14800000, 0x24800000)
   the space 87424K,  53% used [0x0f2a0000, 0x1203b180, 0x1203b200, 0x14800000)
 Metaspace       used 20224K, capacity 21324K, committed 21376K, reserved 21888K
}
Event: 403.520 GC heap before
{Heap before GC invocations=104 (full 2):
 def new generation   total 39424K, used 38004K [0x04800000, 0x072c0000, 0x0f2a0000)
  eden space 35072K, 100% used [0x04800000, 0x06a40000, 0x06a40000)
  from space 4352K,  67% used [0x06a40000, 0x06d1d008, 0x06e80000)
  to   space 4352K,   0% used [0x06e80000, 0x06e80000, 0x072c0000)
 tenured generation   total 87424K, used 46700K [0x0f2a0000, 0x14800000, 0x24800000)
   the space 87424K,  53% used [0x0f2a0000, 0x1203b180, 0x1203b200, 0x14800000)
 Metaspace       used 20225K, capacity 21324K, committed 21376K, reserved 21888K
Event: 403.534 GC heap after
Heap after GC invocations=105 (full 2):
 def new generation   total 39424K, used 1507K [0x04800000, 0x072c0000, 0x0f2a0000)
  eden space 35072K,   0% used [0x04800000, 0x04800000, 0x06a40000)
  from space 4352K,  34% used [0x06e80000, 0x06ff8f08, 0x072c0000)
  to   space 4352K,   0% used [0x06a40000, 0x06a40000, 0x06e80000)
 tenured generation   total 87424K, used 47969K [0x0f2a0000, 0x14800000, 0x24800000)
   the space 87424K,  54% used [0x0f2a0000, 0x121786c8, 0x12178800, 0x14800000)
 Metaspace       used 20225K, capacity 21324K, committed 21376K, reserved 21888K
}

